<?xml version="1.0" encoding="UTF-8"?>
<robot generator="Robot 4.1.2 (Python 3.10.0 on win32)" generated="20211110 23:42:58.494" rpa="false" schemaversion="2">
<suite id="s1" name="loginAsStudent" source="C:\Users\micha\internapp\robot\loginAsStudent.robot">
<test id="s1-t1" name="Open Home Page">
<kw name="Open Browser" library="SeleniumLibrary">
<arg>http://localhost:8000/</arg>
<arg>chrome</arg>
<doc>Opens a new browser instance to the optional ``url``.</doc>
<msg timestamp="20211110 23:42:58.786" level="INFO">Opening browser 'chrome' to base url 'http://localhost:8000/'.</msg>
<status status="PASS" starttime="20211110 23:42:58.786" endtime="20211110 23:43:01.259"/>
</kw>
<kw name="Maximize Browser Window" library="SeleniumLibrary">
<doc>Maximizes current browser window.</doc>
<status status="PASS" starttime="20211110 23:43:01.260" endtime="20211110 23:43:02.898"/>
</kw>
<status status="PASS" starttime="20211110 23:42:58.784" endtime="20211110 23:43:02.899"/>
</test>
<test id="s1-t2" name="Move to Login Page">
<kw name="Mouse Down" library="SeleniumLibrary">
<arg>xpath:/html/body/div/div/a[1]</arg>
<doc>Simulates pressing the left mouse button on the element ``locator``.</doc>
<msg timestamp="20211110 23:43:02.903" level="INFO">Simulating Mouse Down on element 'xpath:/html/body/div/div/a[1]'.</msg>
<status status="PASS" starttime="20211110 23:43:02.902" endtime="20211110 23:43:03.205"/>
</kw>
<kw name="Mouse Up" library="SeleniumLibrary">
<arg>xpath:/html/body/div/div/a[1]</arg>
<doc>Simulates releasing the left mouse button on the element ``locator``.</doc>
<msg timestamp="20211110 23:43:03.206" level="INFO">Simulating Mouse Up on element 'xpath:/html/body/div/div/a[1]'.</msg>
<status status="PASS" starttime="20211110 23:43:03.206" endtime="20211110 23:43:03.592"/>
</kw>
<status status="PASS" starttime="20211110 23:43:02.901" endtime="20211110 23:43:03.593"/>
</test>
<test id="s1-t3" name="Attempt to Login With Credentials">
<kw name="Sleep" library="BuiltIn">
<arg>2s</arg>
<doc>Pauses the test executed for the given time.</doc>
<msg timestamp="20211110 23:43:05.609" level="INFO">Slept 2 seconds</msg>
<status status="PASS" starttime="20211110 23:43:03.596" endtime="20211110 23:43:05.609"/>
</kw>
<kw name="Input Text" library="SeleniumLibrary">
<arg>//*[@id="emailTxt"]</arg>
<arg>${studentUsername}</arg>
<doc>Types the given ``text`` into the text field identified by ``locator``.</doc>
<msg timestamp="20211110 23:43:05.611" level="INFO">Typing text 'test20@test.com' into text field '//*[@id="emailTxt"]'.</msg>
<status status="PASS" starttime="20211110 23:43:05.610" endtime="20211110 23:43:05.755"/>
</kw>
<kw name="Input Text" library="SeleniumLibrary">
<arg>//*[@id="passwordTxt"]</arg>
<arg>${studentPassword}</arg>
<doc>Types the given ``text`` into the text field identified by ``locator``.</doc>
<msg timestamp="20211110 23:43:05.756" level="INFO">Typing text '123456' into text field '//*[@id="passwordTxt"]'.</msg>
<status status="PASS" starttime="20211110 23:43:05.755" endtime="20211110 23:43:05.891"/>
</kw>
<kw name="Mouse Down" library="SeleniumLibrary">
<arg>//*[@id="loginBtn"]</arg>
<doc>Simulates pressing the left mouse button on the element ``locator``.</doc>
<msg timestamp="20211110 23:43:05.893" level="INFO">Simulating Mouse Down on element '//*[@id="loginBtn"]'.</msg>
<status status="PASS" starttime="20211110 23:43:05.892" endtime="20211110 23:43:06.254"/>
</kw>
<kw name="Mouse Up" library="SeleniumLibrary">
<arg>//*[@id="loginBtn"]</arg>
<doc>Simulates releasing the left mouse button on the element ``locator``.</doc>
<msg timestamp="20211110 23:43:06.256" level="INFO">Simulating Mouse Up on element '//*[@id="loginBtn"]'.</msg>
<status status="PASS" starttime="20211110 23:43:06.255" endtime="20211110 23:43:08.159"/>
</kw>
<status status="PASS" starttime="20211110 23:43:03.595" endtime="20211110 23:43:08.160"/>
</test>
<doc>Bzzt ~ Boop Test that is verifying the opening of Google.com Checks if the installation is correct.</doc>
<status status="PASS" starttime="20211110 23:42:58.496" endtime="20211110 23:43:08.162"/>
</suite>
<statistics>
<total>
<stat pass="3" fail="0" skip="0">All Tests</stat>
</total>
<tag>
</tag>
<suite>
<stat pass="3" fail="0" skip="0" id="s1" name="loginAsStudent">loginAsStudent</stat>
</suite>
</statistics>
<errors>
</errors>
</robot>
